<?xml version="1.0" encoding="UTF-8"?>
<!-- Generated by org.testng.reporters.JUnitReportReporter -->
<testsuite hostname="DESKTOP-UNK03TF" failures="0" tests="1" name="LearningAppium.CreateProfile_KYC_High_Risk" time="67.945" errors="0" timestamp="2023-11-03T11:48:05 PKT" skipped="0">
  <testcase classname="LearningAppium.CreateProfile_KYC_High_Risk" name="HighRiskKycTest" time="67.945"/>
</testsuite> <!-- LearningAppium.CreateProfile_KYC_High_Risk -->
