<?xml version="1.0" encoding="UTF-8"?>
<!-- Generated by org.testng.reporters.JUnitReportReporter -->
<testsuite hostname="DESKTOP-UNK03TF" failures="0" tests="1" name="LearningAppium.AppiumBasics" time="66.915" errors="0" timestamp="2023-10-18T14:46:37 PKT" skipped="0">
  <testcase classname="LearningAppium.AppiumBasics" name="AppiumTest" time="66.915"/>
</testsuite> <!-- LearningAppium.AppiumBasics -->
