<?xml version="1.0" encoding="UTF-8"?>
<!-- Generated by org.testng.reporters.JUnitReportReporter -->
<testsuite hostname="DESKTOP-UNK03TF" failures="0" tests="1" name="LearningAppium.KycUSCitizenUSAResident" time="124.337" errors="0" timestamp="2023-12-03T22:20:08 PKT" skipped="0">
  <testcase classname="LearningAppium.KycUSCitizenUSAResident" name="KycUSCitizenTest" time="124.337"/>
</testsuite> <!-- LearningAppium.KycUSCitizenUSAResident -->
