<?xml version="1.0" encoding="UTF-8"?>
<!-- Generated by org.testng.reporters.JUnitReportReporter -->
<testsuite hostname="DESKTOP-UNK03TF" failures="0" tests="1" name="LearningAppium.LearnScreen" time="159.178" errors="0" timestamp="2023-11-07T13:22:02 PKT" skipped="0">
  <testcase classname="LearningAppium.LearnScreen" name="LearnTest" time="159.178"/>
</testsuite> <!-- LearningAppium.LearnScreen -->
