<?xml version="1.0" encoding="UTF-8"?>
<!-- Generated by org.testng.reporters.JUnitReportReporter -->
<testsuite hostname="DESKTOP-UNK03TF" failures="0" tests="1" name="LearningAppium.MoneyCircleCreation_KycExistsApproved" time="59.664" errors="0" timestamp="2023-11-17T15:39:29 PKT" skipped="0">
  <testcase classname="LearningAppium.MoneyCircleCreation_KycExistsApproved" name="MoneyCircleWithoutKyc" time="59.664"/>
</testsuite> <!-- LearningAppium.MoneyCircleCreation_KycExistsApproved -->
