<?xml version="1.0" encoding="UTF-8"?>
<!-- Generated by org.testng.reporters.JUnitReportReporter -->
<testsuite hostname="DESKTOP-UNK03TF" failures="0" tests="1" name="LearningAppium.PortfolioScreen" time="22.556" errors="0" timestamp="2023-11-24T11:33:58 PKT" skipped="0">
  <testcase classname="LearningAppium.PortfolioScreen" name="Transaction" time="22.556"/>
</testsuite> <!-- LearningAppium.PortfolioScreen -->
