<?xml version="1.0" encoding="UTF-8"?>
<!-- Generated by org.testng.reporters.JUnitReportReporter -->
<testsuite hostname="DESKTOP-UNK03TF" failures="0" tests="1" name="LearningAppium.InvestmentScreen" time="60.983" errors="0" timestamp="2023-11-07T14:28:25 PKT" skipped="0">
  <testcase classname="LearningAppium.InvestmentScreen" name="InvestmentTest" time="60.983"/>
</testsuite> <!-- LearningAppium.InvestmentScreen -->
