<?xml version="1.0" encoding="UTF-8"?>
<!-- Generated by org.testng.reporters.JUnitReportReporter -->
<testsuite hostname="DESKTOP-UNK03TF" failures="0" tests="1" name="LearningAppium.TransactionScreen" time="19.055" errors="0" timestamp="2023-11-23T17:23:31 PKT" skipped="0">
  <testcase classname="LearningAppium.TransactionScreen" name="Transaction" time="19.055"/>
</testsuite> <!-- LearningAppium.TransactionScreen -->
