<?xml version="1.0" encoding="UTF-8"?>
<!-- Generated by org.testng.reporters.JUnitReportReporter -->
<testsuite hostname="DESKTOP-UNK03TF" failures="0" tests="1" name="LearningAppium.MoneyCircleCreation_KycNotExist" time="62.542" errors="0" timestamp="2023-11-17T12:25:24 PKT" skipped="0">
  <testcase classname="LearningAppium.MoneyCircleCreation_KycNotExist" name="MoneyCircleWithoutKyc" time="62.542"/>
</testsuite> <!-- LearningAppium.MoneyCircleCreation_KycNotExist -->
