<?xml version="1.0" encoding="UTF-8"?>
<!-- Generated by org.testng.reporters.JUnitReportReporter -->
<testsuite hostname="DESKTOP-UNK03TF" failures="0" tests="1" name="LearningAppium.KycUSCitizen" time="123.835" errors="0" timestamp="2023-12-03T21:59:40 PKT" skipped="0">
  <testcase classname="LearningAppium.KycUSCitizen" name="KycUSCitizenTest" time="123.835"/>
</testsuite> <!-- LearningAppium.KycUSCitizen -->
