<?xml version="1.0" encoding="UTF-8"?>
<!-- Generated by org.testng.reporters.JUnitReportReporter -->
<testsuite hostname="DESKTOP-UNK03TF" failures="0" tests="1" name="LearningAppium.ConversionScreen" time="27.281" errors="0" timestamp="2023-11-07T14:39:40 PKT" skipped="0">
  <testcase classname="LearningAppium.ConversionScreen" name="ConversionTest" time="27.281"/>
</testsuite> <!-- LearningAppium.ConversionScreen -->
