<?xml version="1.0" encoding="UTF-8"?>
<!-- Generated by org.testng.reporters.JUnitReportReporter -->
<testsuite hostname="DESKTOP-UNK03TF" failures="0" tests="1" name="LearningAppium.MoneyCircleMemberKyc" time="27.782" errors="0" timestamp="2023-11-22T14:17:44 PKT" skipped="0">
  <testcase classname="LearningAppium.MoneyCircleMemberKyc" name="MemberKycTest" time="27.782"/>
</testsuite> <!-- LearningAppium.MoneyCircleMemberKyc -->
