<?xml version="1.0" encoding="UTF-8"?>
<!-- Generated by org.testng.reporters.JUnitReportReporter -->
<testsuite hostname="DESKTOP-UNK03TF" failures="0" tests="1" name="LearningAppium.RedeemScreen" time="17.436" errors="0" timestamp="2023-11-07T13:49:34 PKT" skipped="0">
  <testcase classname="LearningAppium.RedeemScreen" name="AppiumTest" time="17.436"/>
</testsuite> <!-- LearningAppium.RedeemScreen -->
