<?xml version="1.0" encoding="UTF-8"?>
<!-- Generated by org.testng.reporters.JUnitReportReporter -->
<testsuite hostname="DESKTOP-UNK03TF" failures="0" tests="1" name="LearningAppium.CreateProfile_KYC" time="118.645" errors="0" timestamp="2023-11-20T16:56:57 PKT" skipped="0">
  <testcase classname="LearningAppium.CreateProfile_KYC" name="KycTest" time="118.645"/>
</testsuite> <!-- LearningAppium.CreateProfile_KYC -->
